<?xml version="1.0" encoding="UTF-8"?>
<testsuite name="com.github.sanaderer.POC.PocApplicationTests" tests="1" skipped="0" failures="0" errors="0" timestamp="2022-12-15T13:51:32" hostname="N1004720" time="0.199">
  <properties/>
  <testcase name="contextLoads()" classname="com.github.sanaderer.POC.PocApplicationTests" time="0.199"/>
  <system-out><![CDATA[10:51:25.768 [Test worker] DEBUG org.springframework.test.context.BootstrapUtils - Instantiating CacheAwareContextLoaderDelegate from class [org.springframework.test.context.cache.DefaultCacheAwareContextLoaderDelegate]
10:51:25.781 [Test worker] DEBUG org.springframework.test.context.BootstrapUtils - Instantiating BootstrapContext using constructor [public org.springframework.test.context.support.DefaultBootstrapContext(java.lang.Class,org.springframework.test.context.CacheAwareContextLoaderDelegate)]
10:51:25.823 [Test worker] DEBUG org.springframework.test.context.BootstrapUtils - Instantiating TestContextBootstrapper for test class [com.github.sanaderer.POC.PocApplicationTests] from class [org.springframework.boot.test.context.SpringBootTestContextBootstrapper]
10:51:25.835 [Test worker] INFO org.springframework.boot.test.context.SpringBootTestContextBootstrapper - Neither @ContextConfiguration nor @ContextHierarchy found for test class [com.github.sanaderer.POC.PocApplicationTests], using SpringBootContextLoader
10:51:25.841 [Test worker] DEBUG org.springframework.test.context.support.AbstractContextLoader - Did not detect default resource location for test class [com.github.sanaderer.POC.PocApplicationTests]: class path resource [com/github/sanaderer/POC/PocApplicationTests-context.xml] does not exist
10:51:25.841 [Test worker] DEBUG org.springframework.test.context.support.AbstractContextLoader - Did not detect default resource location for test class [com.github.sanaderer.POC.PocApplicationTests]: class path resource [com/github/sanaderer/POC/PocApplicationTestsContext.groovy] does not exist
10:51:25.842 [Test worker] INFO org.springframework.test.context.support.AbstractContextLoader - Could not detect default resource locations for test class [com.github.sanaderer.POC.PocApplicationTests]: no resource found for suffixes {-context.xml, Context.groovy}.
10:51:25.843 [Test worker] INFO org.springframework.test.context.support.AnnotationConfigContextLoaderUtils - Could not detect default configuration classes for test class [com.github.sanaderer.POC.PocApplicationTests]: PocApplicationTests does not declare any static, non-private, non-final, nested classes annotated with @Configuration.
10:51:25.893 [Test worker] DEBUG org.springframework.test.context.support.ActiveProfilesUtils - Could not find an 'annotation declaring class' for annotation type [org.springframework.test.context.ActiveProfiles] and class [com.github.sanaderer.POC.PocApplicationTests]
10:51:25.986 [Test worker] DEBUG org.springframework.context.annotation.ClassPathScanningCandidateComponentProvider - Identified candidate component class: file [/home/sabrina-naderer/Área de Trabalho/Invillia/POC/build/classes/java/main/com/github/sanaderer/POC/PocApplication.class]
10:51:25.988 [Test worker] INFO org.springframework.boot.test.context.SpringBootTestContextBootstrapper - Found @SpringBootConfiguration com.github.sanaderer.POC.PocApplication for test class com.github.sanaderer.POC.PocApplicationTests
10:51:26.111 [Test worker] DEBUG org.springframework.boot.test.context.SpringBootTestContextBootstrapper - @TestExecutionListeners is not present for class [com.github.sanaderer.POC.PocApplicationTests]: using defaults.
10:51:26.111 [Test worker] INFO org.springframework.boot.test.context.SpringBootTestContextBootstrapper - Loaded default TestExecutionListener class names from location [META-INF/spring.factories]: [org.springframework.boot.test.autoconfigure.restdocs.RestDocsTestExecutionListener, org.springframework.boot.test.autoconfigure.web.client.MockRestServiceServerResetTestExecutionListener, org.springframework.boot.test.autoconfigure.web.servlet.MockMvcPrintOnlyOnFailureTestExecutionListener, org.springframework.boot.test.autoconfigure.web.servlet.WebDriverTestExecutionListener, org.springframework.boot.test.autoconfigure.webservices.client.MockWebServiceServerTestExecutionListener, org.springframework.boot.test.mock.mockito.MockitoTestExecutionListener, org.springframework.boot.test.mock.mockito.ResetMocksTestExecutionListener, org.springframework.test.context.web.ServletTestExecutionListener, org.springframework.test.context.support.DirtiesContextBeforeModesTestExecutionListener, org.springframework.test.context.event.ApplicationEventsTestExecutionListener, org.springframework.test.context.support.DependencyInjectionTestExecutionListener, org.springframework.test.context.support.DirtiesContextTestExecutionListener, org.springframework.test.context.transaction.TransactionalTestExecutionListener, org.springframework.test.context.jdbc.SqlScriptsTestExecutionListener, org.springframework.test.context.event.EventPublishingTestExecutionListener]
10:51:26.127 [Test worker] INFO org.springframework.boot.test.context.SpringBootTestContextBootstrapper - Using TestExecutionListeners: [org.springframework.test.context.web.ServletTestExecutionListener@14f5da2c, org.springframework.test.context.support.DirtiesContextBeforeModesTestExecutionListener@12dae582, org.springframework.test.context.event.ApplicationEventsTestExecutionListener@239b0f9d, org.springframework.boot.test.mock.mockito.MockitoTestExecutionListener@619bfe29, org.springframework.boot.test.autoconfigure.SpringBootDependencyInjectionTestExecutionListener@5b057c8c, org.springframework.test.context.support.DirtiesContextTestExecutionListener@1eb6749b, org.springframework.test.context.transaction.TransactionalTestExecutionListener@652a7737, org.springframework.test.context.jdbc.SqlScriptsTestExecutionListener@5b7ea70d, org.springframework.test.context.event.EventPublishingTestExecutionListener@2bef51f2, org.springframework.boot.test.autoconfigure.restdocs.RestDocsTestExecutionListener@650eab8, org.springframework.boot.test.autoconfigure.web.client.MockRestServiceServerResetTestExecutionListener@30f5a68a, org.springframework.boot.test.autoconfigure.web.servlet.MockMvcPrintOnlyOnFailureTestExecutionListener@1e1d3956, org.springframework.boot.test.autoconfigure.web.servlet.WebDriverTestExecutionListener@4f2c9ba6, org.springframework.boot.test.autoconfigure.webservices.client.MockWebServiceServerTestExecutionListener@4e28bdd1, org.springframework.boot.test.mock.mockito.ResetMocksTestExecutionListener@53f48368]
10:51:26.131 [Test worker] DEBUG org.springframework.test.context.support.AbstractDirtiesContextTestExecutionListener - Before test class: context [DefaultTestContext@75e01201 testClass = PocApplicationTests, testInstance = [null], testMethod = [null], testException = [null], mergedContextConfiguration = [WebMergedContextConfiguration@2783717b testClass = PocApplicationTests, locations = '{}', classes = '{class com.github.sanaderer.POC.PocApplication}', contextInitializerClasses = '[]', activeProfiles = '{}', propertySourceLocations = '{}', propertySourceProperties = '{org.springframework.boot.test.context.SpringBootTestContextBootstrapper=true}', contextCustomizers = set[org.springframework.boot.test.autoconfigure.actuate.metrics.MetricsExportContextCustomizerFactory$DisableMetricExportContextCustomizer@5b367418, org.springframework.boot.test.autoconfigure.properties.PropertyMappingContextCustomizer@0, org.springframework.boot.test.autoconfigure.web.servlet.WebDriverContextCustomizerFactory$Customizer@5be46f9d, org.springframework.boot.test.context.filter.ExcludeFilterContextCustomizer@30c93896, org.springframework.boot.test.json.DuplicateJsonObjectContextCustomizerFactory$DuplicateJsonObjectContextCustomizer@172b013, org.springframework.boot.test.mock.mockito.MockitoContextCustomizer@0, org.springframework.boot.test.web.client.TestRestTemplateContextCustomizer@3d9c13b5, org.springframework.boot.test.context.SpringBootTestArgs@1, org.springframework.boot.test.context.SpringBootTestWebEnvironment@ed7f8b4], resourceBasePath = 'src/main/webapp', contextLoader = 'org.springframework.boot.test.context.SpringBootContextLoader', parent = [null]], attributes = map['org.springframework.test.context.web.ServletTestExecutionListener.activateListener' -> true]], class annotated with @DirtiesContext [false] with mode [null].

  .   ____          _            __ _ _
 /\\ / ___'_ __ _ _(_)_ __  __ _ \ \ \ \
( ( )\___ | '_ | '_| | '_ \/ _` | \ \ \ \
 \\/  ___)| |_)| | | | | || (_| |  ) ) ) )
  '  |____| .__|_| |_|_| |_\__, | / / / /
 =========|_|==============|___/=/_/_/_/
 :: Spring Boot ::                (v2.7.6)

2022-12-15 10:51:26.615  INFO 392426 --- [    Test worker] c.g.sanaderer.POC.PocApplicationTests    : Starting PocApplicationTests using Java 17.0.1 on N1004720 with PID 392426 (started by sabrina-naderer in /home/sabrina-naderer/Área de Trabalho/Invillia/POC)
2022-12-15 10:51:26.617  INFO 392426 --- [    Test worker] c.g.sanaderer.POC.PocApplicationTests    : No active profile set, falling back to 1 default profile: "default"
2022-12-15 10:51:27.410  INFO 392426 --- [    Test worker] .s.d.r.c.RepositoryConfigurationDelegate : Bootstrapping Spring Data JPA repositories in DEFAULT mode.
2022-12-15 10:51:27.487  INFO 392426 --- [    Test worker] .s.d.r.c.RepositoryConfigurationDelegate : Finished Spring Data repository scanning in 68 ms. Found 2 JPA repository interfaces.
2022-12-15 10:51:27.875  INFO 392426 --- [    Test worker] o.s.cloud.context.scope.GenericScope     : BeanFactory id=95856642-6026-3c34-8e0d-4341a53052fb
2022-12-15 10:51:28.267  INFO 392426 --- [    Test worker] com.zaxxer.hikari.HikariDataSource       : HikariPool-1 - Starting...
2022-12-15 10:51:28.507  INFO 392426 --- [    Test worker] com.zaxxer.hikari.HikariDataSource       : HikariPool-1 - Start completed.
2022-12-15 10:51:28.581  INFO 392426 --- [    Test worker] o.hibernate.jpa.internal.util.LogHelper  : HHH000204: Processing PersistenceUnitInfo [name: default]
2022-12-15 10:51:28.630  INFO 392426 --- [    Test worker] org.hibernate.Version                    : HHH000412: Hibernate ORM core version 5.6.14.Final
2022-12-15 10:51:28.799  INFO 392426 --- [    Test worker] o.hibernate.annotations.common.Version   : HCANN000001: Hibernate Commons Annotations {5.1.2.Final}
2022-12-15 10:51:28.926  INFO 392426 --- [    Test worker] org.hibernate.dialect.Dialect            : HHH000400: Using dialect: org.hibernate.dialect.H2Dialect
2022-12-15 10:51:30.122  INFO 392426 --- [    Test worker] o.h.e.t.j.p.i.JtaPlatformInitiator       : HHH000490: Using JtaPlatform implementation: [org.hibernate.engine.transaction.jta.platform.internal.NoJtaPlatform]
2022-12-15 10:51:30.142  INFO 392426 --- [    Test worker] j.LocalContainerEntityManagerFactoryBean : Initialized JPA EntityManagerFactory for persistence unit 'default'
2022-12-15 10:51:30.427  WARN 392426 --- [    Test worker] JpaBaseConfiguration$JpaWebConfiguration : spring.jpa.open-in-view is enabled by default. Therefore, database queries may be performed during view rendering. Explicitly configure spring.jpa.open-in-view to disable this warning
2022-12-15 10:51:30.563  INFO 392426 --- [    Test worker] o.s.b.a.h2.H2ConsoleAutoConfiguration    : H2 console available at '/h2'. Database available at 'jdbc:h2:mem:sanadererpoc'
2022-12-15 10:51:32.189  INFO 392426 --- [    Test worker] c.g.sanaderer.POC.PocApplicationTests    : Started PocApplicationTests in 6.01 seconds (JVM running for 7.492)
]]></system-out>
  <system-err><![CDATA[]]></system-err>
</testsuite>
